<?xml version="1.0" encoding="UTF-8"?>
<robot generator="Robot 3.2.1 (Python 3.8.5 on linux)" generated="20200913 18:31:51.773" rpa="false">
<suite id="s1" name="Resources" source="/test/resources">
<suite id="s1-s1" name="Package" source="/test/resources/package">
<suite id="s1-s1-s1" name="Setup" source="/test/resources/package/setup.robot">
<kw name="Setup" type="setup">
<kw name="Set Cwd" library="LinkDotfiles">
<doc>Changes the current working directory, and returns the previous one.</doc>
<arguments>
<arg>/test/resources/package</arg>
</arguments>
<status status="PASS" starttime="20200913 18:31:51.831" endtime="20200913 18:31:51.831"></status>
</kw>
<kw name="Set Ignore" library="LinkDotfiles">
<arguments>
<arg>${SUITE SOURCE}</arg>
</arguments>
<status status="PASS" starttime="20200913 18:31:51.831" endtime="20200913 18:31:51.832"></status>
</kw>
<kw name="Set Target" library="LinkDotfiles">
<arguments>
<arg>${TARGET}</arg>
</arguments>
<status status="PASS" starttime="20200913 18:31:51.832" endtime="20200913 18:31:51.832"></status>
</kw>
<status status="PASS" starttime="20200913 18:31:51.830" endtime="20200913 18:31:51.832"></status>
</kw>
<test id="s1-s1-s1-t1" name="Test Deep Link All">
<kw name="Deep Link" library="LinkDotfiles">
<doc>For each path in paths, recursively searches for all files contained in each subdirectory, and creates a
symlink in target contained in the file's subdirectories that points to each file.</doc>
<status status="PASS" starttime="20200913 18:31:51.833" endtime="20200913 18:31:51.835"></status>
</kw>
<kw name="Link Should Exist" library="test">
<arguments>
<arg>/test/resources/package${/}file</arg>
<arg>${TARGET}${/}file</arg>
</arguments>
<kw name="File Should Exist" library="OperatingSystem">
<doc>Fails unless the given ``path`` points to an existing file.</doc>
<arguments>
<arg>${dest}</arg>
</arguments>
<msg timestamp="20200913 18:31:51.837" level="INFO" html="yes">File '&lt;a href="file:///test/resources/package/file"&gt;/test/resources/package/file&lt;/a&gt;' exists.</msg>
<status status="PASS" starttime="20200913 18:31:51.836" endtime="20200913 18:31:51.837"></status>
</kw>
<kw name="File Should Exist" library="OperatingSystem">
<doc>Fails unless the given ``path`` points to an existing file.</doc>
<arguments>
<arg>${link}</arg>
</arguments>
<msg timestamp="20200913 18:31:51.837" level="INFO" html="yes">File '&lt;a href="file:///test/target/file"&gt;/test/target/file&lt;/a&gt;' exists.</msg>
<status status="PASS" starttime="20200913 18:31:51.837" endtime="20200913 18:31:51.837"></status>
</kw>
<kw name="Run Process" library="Process">
<doc>Runs a process and waits for it to complete.</doc>
<arguments>
<arg>readlink</arg>
<arg>${link}</arg>
</arguments>
<assign>
<var>${result}</var>
</assign>
<msg timestamp="20200913 18:31:51.838" level="INFO">Starting process:
readlink /test/target/file</msg>
<msg timestamp="20200913 18:31:51.840" level="INFO">Waiting for process to complete.</msg>
<msg timestamp="20200913 18:31:51.841" level="INFO">Process completed.</msg>
<msg timestamp="20200913 18:31:51.842" level="INFO">${result} = &lt;result object with rc 0&gt;</msg>
<status status="PASS" starttime="20200913 18:31:51.838" endtime="20200913 18:31:51.842"></status>
</kw>
<kw name="Command Should Succeed" library="test">
<arguments>
<arg>${result}</arg>
</arguments>
<kw name="Should Be Empty" library="BuiltIn">
<doc>Verifies that the given item is empty.</doc>
<arguments>
<arg>${result.stderr}</arg>
</arguments>
<msg timestamp="20200913 18:31:51.844" level="INFO">Length is 0</msg>
<status status="PASS" starttime="20200913 18:31:51.844" endtime="20200913 18:31:51.845"></status>
</kw>
<kw name="Should Be Equal As Strings" library="BuiltIn">
<doc>Fails if objects are unequal after converting them to strings.</doc>
<arguments>
<arg>${result.rc}</arg>
<arg>0</arg>
</arguments>
<msg timestamp="20200913 18:31:51.846" level="INFO">Argument types are:
&lt;class 'int'&gt;
&lt;type 'unicode'&gt;</msg>
<status status="PASS" starttime="20200913 18:31:51.845" endtime="20200913 18:31:51.846"></status>
</kw>
<status status="PASS" starttime="20200913 18:31:51.842" endtime="20200913 18:31:51.846"></status>
</kw>
<kw name="Should Be Equal" library="BuiltIn">
<doc>Fails if the given objects are unequal.</doc>
<arguments>
<arg>${result.stdout}</arg>
<arg>${dest}</arg>
</arguments>
<status status="PASS" starttime="20200913 18:31:51.846" endtime="20200913 18:31:51.847"></status>
</kw>
<status status="PASS" starttime="20200913 18:31:51.835" endtime="20200913 18:31:51.847"></status>
</kw>
<kw name="Link Should Exist" library="test">
<arguments>
<arg>/test/resources/package${/}.hidden_file</arg>
<arg>${TARGET}${/}.hidden_file</arg>
</arguments>
<kw name="File Should Exist" library="OperatingSystem">
<doc>Fails unless the given ``path`` points to an existing file.</doc>
<arguments>
<arg>${dest}</arg>
</arguments>
<msg timestamp="20200913 18:31:51.849" level="INFO" html="yes">File '&lt;a href="file:///test/resources/package/.hidden_file"&gt;/test/resources/package/.hidden_file&lt;/a&gt;' exists.</msg>
<status status="PASS" starttime="20200913 18:31:51.849" endtime="20200913 18:31:51.849"></status>
</kw>
<kw name="File Should Exist" library="OperatingSystem">
<doc>Fails unless the given ``path`` points to an existing file.</doc>
<arguments>
<arg>${link}</arg>
</arguments>
<msg timestamp="20200913 18:31:51.850" level="INFO" html="yes">File '&lt;a href="file:///test/target/.hidden_file"&gt;/test/target/.hidden_file&lt;/a&gt;' exists.</msg>
<status status="PASS" starttime="20200913 18:31:51.850" endtime="20200913 18:31:51.850"></status>
</kw>
<kw name="Run Process" library="Process">
<doc>Runs a process and waits for it to complete.</doc>
<arguments>
<arg>readlink</arg>
<arg>${link}</arg>
</arguments>
<assign>
<var>${result}</var>
</assign>
<msg timestamp="20200913 18:31:51.851" level="INFO">Starting process:
readlink /test/target/.hidden_file</msg>
<msg timestamp="20200913 18:31:51.853" level="INFO">Waiting for process to complete.</msg>
<msg timestamp="20200913 18:31:51.853" level="INFO">Process completed.</msg>
<msg timestamp="20200913 18:31:51.854" level="INFO">${result} = &lt;result object with rc 0&gt;</msg>
<status status="PASS" starttime="20200913 18:31:51.850" endtime="20200913 18:31:51.854"></status>
</kw>
<kw name="Command Should Succeed" library="test">
<arguments>
<arg>${result}</arg>
</arguments>
<kw name="Should Be Empty" library="BuiltIn">
<doc>Verifies that the given item is empty.</doc>
<arguments>
<arg>${result.stderr}</arg>
</arguments>
<msg timestamp="20200913 18:31:51.855" level="INFO">Length is 0</msg>
<status status="PASS" starttime="20200913 18:31:51.855" endtime="20200913 18:31:51.856"></status>
</kw>
<kw name="Should Be Equal As Strings" library="BuiltIn">
<doc>Fails if objects are unequal after converting them to strings.</doc>
<arguments>
<arg>${result.rc}</arg>
<arg>0</arg>
</arguments>
<msg timestamp="20200913 18:31:51.856" level="INFO">Argument types are:
&lt;class 'int'&gt;
&lt;type 'unicode'&gt;</msg>
<status status="PASS" starttime="20200913 18:31:51.856" endtime="20200913 18:31:51.856"></status>
</kw>
<status status="PASS" starttime="20200913 18:31:51.854" endtime="20200913 18:31:51.856"></status>
</kw>
<kw name="Should Be Equal" library="BuiltIn">
<doc>Fails if the given objects are unequal.</doc>
<arguments>
<arg>${result.stdout}</arg>
<arg>${dest}</arg>
</arguments>
<status status="PASS" starttime="20200913 18:31:51.857" endtime="20200913 18:31:51.857"></status>
</kw>
<status status="PASS" starttime="20200913 18:31:51.848" endtime="20200913 18:31:51.857"></status>
</kw>
<kw name="Link Should Exist" library="test">
<arguments>
<arg>/test/resources/package${/}dir${/}dir_file</arg>
<arg>${TARGET}${/}dir${/}dir_file</arg>
</arguments>
<kw name="File Should Exist" library="OperatingSystem">
<doc>Fails unless the given ``path`` points to an existing file.</doc>
<arguments>
<arg>${dest}</arg>
</arguments>
<msg timestamp="20200913 18:31:51.859" level="INFO" html="yes">File '&lt;a href="file:///test/resources/package/dir/dir_file"&gt;/test/resources/package/dir/dir_file&lt;/a&gt;' exists.</msg>
<status status="PASS" starttime="20200913 18:31:51.858" endtime="20200913 18:31:51.859"></status>
</kw>
<kw name="File Should Exist" library="OperatingSystem">
<doc>Fails unless the given ``path`` points to an existing file.</doc>
<arguments>
<arg>${link}</arg>
</arguments>
<msg timestamp="20200913 18:31:51.860" level="INFO" html="yes">File '&lt;a href="file:///test/target/dir/dir_file"&gt;/test/target/dir/dir_file&lt;/a&gt;' exists.</msg>
<status status="PASS" starttime="20200913 18:31:51.859" endtime="20200913 18:31:51.860"></status>
</kw>
<kw name="Run Process" library="Process">
<doc>Runs a process and waits for it to complete.</doc>
<arguments>
<arg>readlink</arg>
<arg>${link}</arg>
</arguments>
<assign>
<var>${result}</var>
</assign>
<msg timestamp="20200913 18:31:51.860" level="INFO">Starting process:
readlink /test/target/dir/dir_file</msg>
<msg timestamp="20200913 18:31:51.862" level="INFO">Waiting for process to complete.</msg>
<msg timestamp="20200913 18:31:51.863" level="INFO">Process completed.</msg>
<msg timestamp="20200913 18:31:51.863" level="INFO">${result} = &lt;result object with rc 0&gt;</msg>
<status status="PASS" starttime="20200913 18:31:51.860" endtime="20200913 18:31:51.863"></status>
</kw>
<kw name="Command Should Succeed" library="test">
<arguments>
<arg>${result}</arg>
</arguments>
<kw name="Should Be Empty" library="BuiltIn">
<doc>Verifies that the given item is empty.</doc>
<arguments>
<arg>${result.stderr}</arg>
</arguments>
<msg timestamp="20200913 18:31:51.864" level="INFO">Length is 0</msg>
<status status="PASS" starttime="20200913 18:31:51.864" endtime="20200913 18:31:51.865"></status>
</kw>
<kw name="Should Be Equal As Strings" library="BuiltIn">
<doc>Fails if objects are unequal after converting them to strings.</doc>
<arguments>
<arg>${result.rc}</arg>
<arg>0</arg>
</arguments>
<msg timestamp="20200913 18:31:51.865" level="INFO">Argument types are:
&lt;class 'int'&gt;
&lt;type 'unicode'&gt;</msg>
<status status="PASS" starttime="20200913 18:31:51.865" endtime="20200913 18:31:51.865"></status>
</kw>
<status status="PASS" starttime="20200913 18:31:51.863" endtime="20200913 18:31:51.866"></status>
</kw>
<kw name="Should Be Equal" library="BuiltIn">
<doc>Fails if the given objects are unequal.</doc>
<arguments>
<arg>${result.stdout}</arg>
<arg>${dest}</arg>
</arguments>
<status status="PASS" starttime="20200913 18:31:51.866" endtime="20200913 18:31:51.866"></status>
</kw>
<status status="PASS" starttime="20200913 18:31:51.857" endtime="20200913 18:31:51.866"></status>
</kw>
<kw name="Link Should Exist" library="test">
<arguments>
<arg>/test/resources/package${/}.hidden_dir${/}.hidden_dir_file</arg>
<arg>${TARGET}${/}.hidden_dir${/}.hidden_dir_file</arg>
</arguments>
<kw name="File Should Exist" library="OperatingSystem">
<doc>Fails unless the given ``path`` points to an existing file.</doc>
<arguments>
<arg>${dest}</arg>
</arguments>
<msg timestamp="20200913 18:31:51.868" level="INFO" html="yes">File '&lt;a href="file:///test/resources/package/.hidden_dir/.hidden_dir_file"&gt;/test/resources/package/.hidden_dir/.hidden_dir_file&lt;/a&gt;' exists.</msg>
<status status="PASS" starttime="20200913 18:31:51.867" endtime="20200913 18:31:51.868"></status>
</kw>
<kw name="File Should Exist" library="OperatingSystem">
<doc>Fails unless the given ``path`` points to an existing file.</doc>
<arguments>
<arg>${link}</arg>
</arguments>
<msg timestamp="20200913 18:31:51.868" level="INFO" html="yes">File '&lt;a href="file:///test/target/.hidden_dir/.hidden_dir_file"&gt;/test/target/.hidden_dir/.hidden_dir_file&lt;/a&gt;' exists.</msg>
<status status="PASS" starttime="20200913 18:31:51.868" endtime="20200913 18:31:51.869"></status>
</kw>
<kw name="Run Process" library="Process">
<doc>Runs a process and waits for it to complete.</doc>
<arguments>
<arg>readlink</arg>
<arg>${link}</arg>
</arguments>
<assign>
<var>${result}</var>
</assign>
<msg timestamp="20200913 18:31:51.869" level="INFO">Starting process:
readlink /test/target/.hidden_dir/.hidden_dir_file</msg>
<msg timestamp="20200913 18:31:51.872" level="INFO">Waiting for process to complete.</msg>
<msg timestamp="20200913 18:31:51.873" level="INFO">Process completed.</msg>
<msg timestamp="20200913 18:31:51.873" level="INFO">${result} = &lt;result object with rc 0&gt;</msg>
<status status="PASS" starttime="20200913 18:31:51.869" endtime="20200913 18:31:51.873"></status>
</kw>
<kw name="Command Should Succeed" library="test">
<arguments>
<arg>${result}</arg>
</arguments>
<kw name="Should Be Empty" library="BuiltIn">
<doc>Verifies that the given item is empty.</doc>
<arguments>
<arg>${result.stderr}</arg>
</arguments>
<msg timestamp="20200913 18:31:51.876" level="INFO">Length is 0</msg>
<status status="PASS" starttime="20200913 18:31:51.875" endtime="20200913 18:31:51.876"></status>
</kw>
<kw name="Should Be Equal As Strings" library="BuiltIn">
<doc>Fails if objects are unequal after converting them to strings.</doc>
<arguments>
<arg>${result.rc}</arg>
<arg>0</arg>
</arguments>
<msg timestamp="20200913 18:31:51.877" level="INFO">Argument types are:
&lt;class 'int'&gt;
&lt;type 'unicode'&gt;</msg>
<status status="PASS" starttime="20200913 18:31:51.876" endtime="20200913 18:31:51.877"></status>
</kw>
<status status="PASS" starttime="20200913 18:31:51.874" endtime="20200913 18:31:51.877"></status>
</kw>
<kw name="Should Be Equal" library="BuiltIn">
<doc>Fails if the given objects are unequal.</doc>
<arguments>
<arg>${result.stdout}</arg>
<arg>${dest}</arg>
</arguments>
<status status="PASS" starttime="20200913 18:31:51.877" endtime="20200913 18:31:51.878"></status>
</kw>
<status status="PASS" starttime="20200913 18:31:51.867" endtime="20200913 18:31:51.878"></status>
</kw>
<kw name="Count Items In Directory" library="OperatingSystem">
<doc>Returns and logs the number of all items in the given directory.</doc>
<arguments>
<arg>${TARGET}</arg>
</arguments>
<assign>
<var>${item_count}</var>
</assign>
<msg timestamp="20200913 18:31:51.879" level="INFO" html="yes">Listing contents of directory '&lt;a href="file:///test/target"&gt;/test/target&lt;/a&gt;'.</msg>
<msg timestamp="20200913 18:31:51.879" level="INFO">4 items.</msg>
<msg timestamp="20200913 18:31:51.879" level="INFO">${item_count} = 4</msg>
<status status="PASS" starttime="20200913 18:31:51.878" endtime="20200913 18:31:51.879"></status>
</kw>
<kw name="Should Be Equal As Integers" library="BuiltIn">
<doc>Fails if objects are unequal after converting them to integers.</doc>
<arguments>
<arg>4</arg>
<arg>${item_count}</arg>
</arguments>
<msg timestamp="20200913 18:31:51.880" level="INFO">Argument types are:
&lt;type 'unicode'&gt;
&lt;class 'int'&gt;</msg>
<status status="PASS" starttime="20200913 18:31:51.880" endtime="20200913 18:31:51.880"></status>
</kw>
<status status="PASS" starttime="20200913 18:31:51.832" endtime="20200913 18:31:51.880" critical="yes"></status>
</test>
<status status="PASS" starttime="20200913 18:31:51.798" endtime="20200913 18:31:51.881"></status>
</suite>
<status status="PASS" starttime="20200913 18:31:51.795" endtime="20200913 18:31:51.882"></status>
</suite>
<status status="PASS" starttime="20200913 18:31:51.775" endtime="20200913 18:31:51.884"></status>
</suite>
<statistics>
<total>
<stat pass="1" fail="0">Critical Tests</stat>
<stat pass="1" fail="0">All Tests</stat>
</total>
<tag>
</tag>
<suite>
<stat pass="1" fail="0" id="s1" name="Resources">Resources</stat>
<stat pass="1" fail="0" id="s1-s1" name="Package">Resources.Package</stat>
<stat pass="1" fail="0" id="s1-s1-s1" name="Setup">Resources.Package.Setup</stat>
</suite>
</statistics>
<errors>
</errors>
</robot>
